<?xml version="1.0" encoding="UTF-8"?>
<testng-results ignored="0" total="1" passed="1" failed="0" skipped="0">
  <reporter-output>
  </reporter-output>
  <suite started-at="2021-10-07T21:59:22 EDT" name="Default suite" finished-at="2021-10-07T21:59:31 EDT" duration-ms="9544">
    <groups>
    </groups>
    <test started-at="2021-10-07T21:59:22 EDT" name="Default test" finished-at="2021-10-07T21:59:31 EDT" duration-ms="9544">
      <class name="testpackage.Addcustomertest">
        <test-method signature="usershouldbeabletocreatecustomer()[pri:0, instance:testpackage.Addcustomertest@55b53d44]" started-at="2021-10-07T21:59:22 EDT" name="usershouldbeabletocreatecustomer" finished-at="2021-10-07T21:59:31 EDT" duration-ms="9497" status="PASS">
          <reporter-output>
          </reporter-output>
        </test-method> <!-- usershouldbeabletocreatecustomer -->
      </class> <!-- testpackage.Addcustomertest -->
    </test> <!-- Default test -->
  </suite> <!-- Default suite -->
</testng-results>
